Using pre-set license
Built from '2020.3/staging' branch; Version is '2020.3.28f1 (f5400f52e03f) revision 16072719'; Using compiler version '192528614'; Build Type 'Release'
OS: 'Windows 11  (10.0.22000) 64bit Professional' Language: 'en' Physical Memory: 32528 MB
BatchMode: 1, IsHumanControllingUs: 0, StartBugReporterOnCrash: 0, Is64bit: 1, IsPro: 0

COMMAND LINE ARGUMENTS:
C:\Program Files\Unity\Hub\Editor\2020.3.28f1\Editor\Unity.exe
-adb2
-batchMode
-noUpm
-name
AssetImportWorker0
-projectPath
C:/Users/quang/OneDrive/Desktop/Mining-Village/Mining Village
-logFile
Logs/AssetImportWorker0.log
-srvPort
65116
Successfully changed project path to: C:/Users/quang/OneDrive/Desktop/Mining-Village/Mining Village
C:/Users/quang/OneDrive/Desktop/Mining-Village/Mining Village
Using Asset Import Pipeline V2.
Refreshing native plugins compatible for Editor in 31.46 ms, found 2 plugins.
Preloading 0 native plugins for Editor in 0.00 ms.
Initialize engine version: 2020.3.28f1 (f5400f52e03f)
[Subsystems] Discovering subsystems at path C:/Program Files/Unity/Hub/Editor/2020.3.28f1/Editor/Data/Resources/UnitySubsystems
[Subsystems] Discovering subsystems at path C:/Users/quang/OneDrive/Desktop/Mining-Village/Mining Village/Assets
GfxDevice: creating device client; threaded=0
Direct3D:
    Version:  Direct3D 11.0 [level 11.1]
    Renderer: NVIDIA GeForce RTX 2080 Super (ID=0x1ed3)
    Vendor:   
    VRAM:     8010 MB
    Driver:   30.0.14.7135
Initialize mono
Mono path[0] = 'C:/Program Files/Unity/Hub/Editor/2020.3.28f1/Editor/Data/Managed'
Mono path[1] = 'C:/Program Files/Unity/Hub/Editor/2020.3.28f1/Editor/Data/MonoBleedingEdge/lib/mono/unityjit'
Mono config path = 'C:/Program Files/Unity/Hub/Editor/2020.3.28f1/Editor/Data/MonoBleedingEdge/etc'
Using monoOptions --debugger-agent=transport=dt_socket,embedding=1,server=y,suspend=n,address=127.0.0.1:56164
Begin MonoManager ReloadAssembly
Registering precompiled unity dll's ...
Register platform support module: C:/Program Files/Unity/Hub/Editor/2020.3.28f1/Editor/Data/PlaybackEngines/WebGLSupport/UnityEditor.WebGL.Extensions.dll
Register platform support module: C:/Program Files/Unity/Hub/Editor/2020.3.28f1/Editor/Data/PlaybackEngines/WindowsStandaloneSupport/UnityEditor.WindowsStandalone.Extensions.dll
Registered in 0.001319 seconds.
Native extension for WindowsStandalone target not found
Native extension for WebGL target not found
Refreshing native plugins compatible for Editor in 30.06 ms, found 2 plugins.
Preloading 0 native plugins for Editor in 0.00 ms.
Mono: successfully reloaded assembly
- Completed reload, in  0.525 seconds
Domain Reload Profiling:
	ReloadAssembly (525ms)
		BeginReloadAssembly (53ms)
			ExecutionOrderSort (0ms)
			DisableScriptedObjects (0ms)
			BackupInstance (0ms)
			ReleaseScriptingObjects (0ms)
			CreateAndSetChildDomain (1ms)
		EndReloadAssembly (411ms)
			LoadAssemblies (52ms)
			RebuildTransferFunctionScriptingTraits (0ms)
			SetupTypeCache (140ms)
			ReleaseScriptCaches (0ms)
			RebuildScriptCaches (27ms)
			SetupLoadedEditorAssemblies (153ms)
				LogAssemblyErrors (0ms)
				InitializePlatformSupportModulesInManaged (4ms)
				SetLoadedEditorAssemblies (0ms)
				RefreshPlugins (30ms)
				BeforeProcessingInitializeOnLoad (12ms)
				ProcessInitializeOnLoadAttributes (82ms)
				ProcessInitializeOnLoadMethodAttributes (24ms)
				AfterProcessingInitializeOnLoad (0ms)
				EditorAssembliesLoaded (0ms)
			ExecutionOrderSort2 (0ms)
			AwakeInstancesAfterBackupRestoration (0ms)
Platform modules already initialized, skipping
Registering precompiled user dll's ...
Registered in 0.003819 seconds.
Begin MonoManager ReloadAssembly
Native extension for WindowsStandalone target not found
Native extension for WebGL target not found
Refreshing native plugins compatible for Editor in 0.32 ms, found 2 plugins.
Preloading 0 native plugins for Editor in 0.00 ms.
Mono: successfully reloaded assembly
- Completed reload, in  0.861 seconds
Domain Reload Profiling:
	ReloadAssembly (862ms)
		BeginReloadAssembly (129ms)
			ExecutionOrderSort (0ms)
			DisableScriptedObjects (5ms)
			BackupInstance (0ms)
			ReleaseScriptingObjects (0ms)
			CreateAndSetChildDomain (16ms)
		EndReloadAssembly (683ms)
			LoadAssemblies (74ms)
			RebuildTransferFunctionScriptingTraits (0ms)
			SetupTypeCache (241ms)
			ReleaseScriptCaches (0ms)
			RebuildScriptCaches (37ms)
			SetupLoadedEditorAssemblies (250ms)
				LogAssemblyErrors (0ms)
				InitializePlatformSupportModulesInManaged (4ms)
				SetLoadedEditorAssemblies (0ms)
				RefreshPlugins (0ms)
				BeforeProcessingInitializeOnLoad (73ms)
				ProcessInitializeOnLoadAttributes (161ms)
				ProcessInitializeOnLoadMethodAttributes (7ms)
				AfterProcessingInitializeOnLoad (4ms)
				EditorAssembliesLoaded (0ms)
			ExecutionOrderSort2 (0ms)
			AwakeInstancesAfterBackupRestoration (6ms)
Platform modules already initialized, skipping
========================================================================
Worker process is ready to serve import requests
Launched and connected shader compiler UnityShaderCompiler.exe after 0.03 seconds
Refreshing native plugins compatible for Editor in 0.32 ms, found 2 plugins.
Preloading 0 native plugins for Editor in 0.00 ms.
Unloading 1512 Unused Serialized files (Serialized files now loaded: 0)
System memory in use before: 76.5 MB.
System memory in use after: 76.6 MB.

Unloading 19 unused Assets to reduce memory usage. Loaded Objects now: 1945.
Total: 2.296000 ms (FindLiveObjects: 0.111800 ms CreateObjectMapping: 0.042800 ms MarkObjects: 2.039800 ms  DeleteObjects: 0.100900 ms)

AssetImportParameters requested are different than current active one (requested -> active):
  custom:framework-win-MediaFoundation: 216162199b28c13a410421893ffa2e32 -> 
  custom:video-decoder-ogg-theora: a1e56fd34408186e4bbccfd4996cb3dc -> 
  custom:container-muxer-webm: aa71ff27fc2769a1b78a27578f13a17b -> 
  custom:container-demuxer-webm: 4f35f7cbe854078d1ac9338744f61a02 -> 
  custom:container-demuxer-ogg: 62fdf1f143b41e24485cea50d1cbac27 -> 
  custom:video-encoder-webm-vp8: eb34c28f22e8b96e1ab97ce403110664 -> 
  custom:video-codec-MediaFoundation-h265: 746d11721c4dcdbdad8f713fa42b33f4 -> 
  custom:video-decoder-webm-vp8: 9c59270c3fd7afecdb556c50c9e8de78 -> 
  custom:audio-decoder-ogg-vorbis: bf7c407c2cedff20999df2af8eb42d56 -> 
  custom:audio-encoder-webm-vorbis: bf7c407c2cedff20999df2af8eb42d56 -> 
========================================================================
Received Import Request.
  path: Assets/UV Smelter/New Material.mat
  artifactKey: Guid(dea653f1c5a08764590b042fd9c12f56) Importer(815301076,1909f56bfc062723c751e8b465ee728b)
Start importing Assets/UV Smelter/New Material.mat using Guid(dea653f1c5a08764590b042fd9c12f56) Importer(815301076,1909f56bfc062723c751e8b465ee728b)  -> (artifact id: '01cde1bfab807aafbc1c12114b914f92') in 0.096760 seconds 
  Import took 0.100248 seconds .

========================================================================
Received Import Request.
  Time since last request: 10724.577951 seconds.
  path: Assets/Chinese Mountains V3.fbx
  artifactKey: Guid(7466a3a2cc704b149bf12af12d59ed0f) Importer(815301076,1909f56bfc062723c751e8b465ee728b)
Start importing Assets/Chinese Mountains V3.fbx using Guid(7466a3a2cc704b149bf12af12d59ed0f) Importer(815301076,1909f56bfc062723c751e8b465ee728b)  -> (artifact id: '3cb70926633a3e0fc29dae03a057d626') in 0.055631 seconds 
  Import took 0.062981 seconds .

========================================================================
Received Import Request.
  Time since last request: 86.076208 seconds.
  path: Assets/UV Smelter 1
  artifactKey: Guid(7fa275f4fda95da4b95c1774b2a47455) Importer(815301076,1909f56bfc062723c751e8b465ee728b)
Start importing Assets/UV Smelter 1 using Guid(7fa275f4fda95da4b95c1774b2a47455) Importer(815301076,1909f56bfc062723c751e8b465ee728b)  -> (artifact id: 'b9f877716a49d92043f71a970b6608a5') in 0.008272 seconds 
  Import took 0.012675 seconds .

========================================================================
Received Import Request.
  Time since last request: 48.556733 seconds.
  path: Assets/Ciconia Studio/_Shared Files/Demo Environment/Textures/Asphalt/_Ground_Asphalt_CSDemo.mat
  artifactKey: Guid(4579819707db2c34d9660b4847f339c9) Importer(815301076,1909f56bfc062723c751e8b465ee728b)
Start importing Assets/Ciconia Studio/_Shared Files/Demo Environment/Textures/Asphalt/_Ground_Asphalt_CSDemo.mat using Guid(4579819707db2c34d9660b4847f339c9) Importer(815301076,1909f56bfc062723c751e8b465ee728b)  -> (artifact id: '6ea9030d96ad54b11529fdf253b6697f') in 0.083011 seconds 
  Import took 0.087234 seconds .

========================================================================
Received Import Request.
  Time since last request: 0.000147 seconds.
  path: Assets/Ciconia Studio/_Shared Files/Demo Environment/Materials/Walls_GridBox_CSDemo.mat
  artifactKey: Guid(a2418d21f33b49e4db4c46502475ba0d) Importer(815301076,1909f56bfc062723c751e8b465ee728b)
Start importing Assets/Ciconia Studio/_Shared Files/Demo Environment/Materials/Walls_GridBox_CSDemo.mat using Guid(a2418d21f33b49e4db4c46502475ba0d) Importer(815301076,1909f56bfc062723c751e8b465ee728b)  -> (artifact id: '6fd5a9dcbd98d79b1bfe568cf5fb14a1') in 0.026941 seconds 
  Import took 0.030697 seconds .

========================================================================
Received Import Request.
  Time since last request: 0.000171 seconds.
  path: Assets/UV Map/New Material.mat
  artifactKey: Guid(9d220313259347541a225f6134b7cb92) Importer(815301076,1909f56bfc062723c751e8b465ee728b)
Start importing Assets/UV Map/New Material.mat using Guid(9d220313259347541a225f6134b7cb92) Importer(815301076,1909f56bfc062723c751e8b465ee728b)  -> (artifact id: '8593e960a3357fdc4d27c86bfb6c37fe') in 0.037961 seconds 
  Import took 0.041894 seconds .

========================================================================
Received Import Request.
  Time since last request: 0.000144 seconds.
  path: Assets/Ciconia Studio/_Shared Files/Demo Environment/Materials/Ground_GridBox_CSDemo.mat
  artifactKey: Guid(11b04609bfca74246a5748050b5966f6) Importer(815301076,1909f56bfc062723c751e8b465ee728b)
Start importing Assets/Ciconia Studio/_Shared Files/Demo Environment/Materials/Ground_GridBox_CSDemo.mat using Guid(11b04609bfca74246a5748050b5966f6) Importer(815301076,1909f56bfc062723c751e8b465ee728b)  -> (artifact id: '7ce0547f0f325994a3978140e71679c5') in 0.024301 seconds 
  Import took 0.027760 seconds .

========================================================================
Received Import Request.
  Time since last request: 0.000180 seconds.
  path: Assets/Ciconia Studio/_Shared Files/Demo Environment/Materials/Walls_GridBox_CSDemo 2.mat
  artifactKey: Guid(2b750155b60c7de4b84a5140564238ad) Importer(815301076,1909f56bfc062723c751e8b465ee728b)
Start importing Assets/Ciconia Studio/_Shared Files/Demo Environment/Materials/Walls_GridBox_CSDemo 2.mat using Guid(2b750155b60c7de4b84a5140564238ad) Importer(815301076,1909f56bfc062723c751e8b465ee728b)  -> (artifact id: 'ddbfe0b4948978d2e5e32fe539a6ab5b') in 0.023346 seconds 
  Import took 0.026794 seconds .

========================================================================
Received Import Request.
  Time since last request: 0.000163 seconds.
  path: Assets/Ciconia Studio/_Shared Files/Demo Environment/Materials/Cube_GridBox_CSDemo.mat
  artifactKey: Guid(f37223060cd754846aedb85aa2b43601) Importer(815301076,1909f56bfc062723c751e8b465ee728b)
Start importing Assets/Ciconia Studio/_Shared Files/Demo Environment/Materials/Cube_GridBox_CSDemo.mat using Guid(f37223060cd754846aedb85aa2b43601) Importer(815301076,1909f56bfc062723c751e8b465ee728b)  -> (artifact id: '2e93d5576f2aba73a5bdc970f667c099') in 0.030853 seconds 
  Import took 0.033304 seconds .

========================================================================
Received Import Request.
  Time since last request: 21.327965 seconds.
  path: Assets/UV Smelter 2
  artifactKey: Guid(89f550ac9b62e6843b355a4fd62e12bd) Importer(815301076,1909f56bfc062723c751e8b465ee728b)
Start importing Assets/UV Smelter 2 using Guid(89f550ac9b62e6843b355a4fd62e12bd) Importer(815301076,1909f56bfc062723c751e8b465ee728b)  -> (artifact id: '075e29c4921faf0f0078a7682970479a') in 0.005386 seconds 
  Import took 0.008480 seconds .

========================================================================
Received Import Request.
  Time since last request: 34.203910 seconds.
  path: Assets/UV Mountain 1
  artifactKey: Guid(c7a72bc19e4efd846897349c31e3aadc) Importer(815301076,1909f56bfc062723c751e8b465ee728b)
Start importing Assets/UV Mountain 1 using Guid(c7a72bc19e4efd846897349c31e3aadc) Importer(815301076,1909f56bfc062723c751e8b465ee728b)  -> (artifact id: '111d3108dfd95586fa1ce88612907224') in 0.005643 seconds 
  Import took 0.008405 seconds .

========================================================================
Received Import Request.
  Time since last request: 0.051878 seconds.
  path: Assets/UV Mountain 1/DefaultMaterial_Base_Color.png
  artifactKey: Guid(fd3abd26b172c084699059f23fb38415) Importer(815301076,1909f56bfc062723c751e8b465ee728b)
Start importing Assets/UV Mountain 1/DefaultMaterial_Base_Color.png using Guid(fd3abd26b172c084699059f23fb38415) Importer(815301076,1909f56bfc062723c751e8b465ee728b)  -> (artifact id: 'ef04436059375c07da16521b9828804b') in 0.017687 seconds 
  Import took 0.021555 seconds .

========================================================================
Received Import Request.
  Time since last request: 0.000190 seconds.
  path: Assets/UV Mountain 1/DefaultMaterial_Metallic.png
  artifactKey: Guid(47f1cdfec5a4c7748976eb45c4660b03) Importer(815301076,1909f56bfc062723c751e8b465ee728b)
Start importing Assets/UV Mountain 1/DefaultMaterial_Metallic.png using Guid(47f1cdfec5a4c7748976eb45c4660b03) Importer(815301076,1909f56bfc062723c751e8b465ee728b)  -> (artifact id: '5974329e10e5ab7a8b1532a439af96ac') in 0.008986 seconds 
  Import took 0.012740 seconds .

========================================================================
Received Import Request.
  Time since last request: 0.000205 seconds.
  path: Assets/UV Mountain 1/DefaultMaterial_Roughness.png
  artifactKey: Guid(d53f157743fa201428a1b4eb27ced13a) Importer(815301076,1909f56bfc062723c751e8b465ee728b)
Start importing Assets/UV Mountain 1/DefaultMaterial_Roughness.png using Guid(d53f157743fa201428a1b4eb27ced13a) Importer(815301076,1909f56bfc062723c751e8b465ee728b)  -> (artifact id: '536e7fa76648c3b8c2fb9dbada44a789') in 0.010399 seconds 
  Import took 0.013381 seconds .

========================================================================
Received Import Request.
  Time since last request: 0.000210 seconds.
  path: Assets/UV Mountain 1/DefaultMaterial_Mixed_AO.png
  artifactKey: Guid(1660db7dbcf996a4f8d73490f9cf5f71) Importer(815301076,1909f56bfc062723c751e8b465ee728b)
Start importing Assets/UV Mountain 1/DefaultMaterial_Mixed_AO.png using Guid(1660db7dbcf996a4f8d73490f9cf5f71) Importer(815301076,1909f56bfc062723c751e8b465ee728b)  -> (artifact id: '678c1e3298c02da283766c9721f47c88') in 0.009490 seconds 
  Import took 0.012733 seconds .

========================================================================
Received Import Request.
  Time since last request: 0.000191 seconds.
  path: Assets/UV Mountain 1/DefaultMaterial_Height.png
  artifactKey: Guid(918dd3653a8aa2e47aba852b6d32e4e2) Importer(815301076,1909f56bfc062723c751e8b465ee728b)
Start importing Assets/UV Mountain 1/DefaultMaterial_Height.png using Guid(918dd3653a8aa2e47aba852b6d32e4e2) Importer(815301076,1909f56bfc062723c751e8b465ee728b)  -> (artifact id: 'f9065d39444949eef35007891ce0d5fd') in 0.010744 seconds 
  Import took 0.014620 seconds .

========================================================================
Received Import Request.
  Time since last request: 0.000162 seconds.
  path: Assets/UV Mountain 1/DefaultMaterial_Normal.png
  artifactKey: Guid(1bbf3f23b7cfdc54e9b748090b1bab2a) Importer(815301076,1909f56bfc062723c751e8b465ee728b)
Start importing Assets/UV Mountain 1/DefaultMaterial_Normal.png using Guid(1bbf3f23b7cfdc54e9b748090b1bab2a) Importer(815301076,1909f56bfc062723c751e8b465ee728b)  -> (artifact id: '0782dc385cc48d8e80e0e9ccbc725d2e') in 0.010145 seconds 
  Import took 0.013551 seconds .

========================================================================
Received Import Request.
  Time since last request: 0.000191 seconds.
  path: Assets/UV Mountain 1/DefaultMaterial_Normal_OpenGL.png
  artifactKey: Guid(efc3d7bfdc751004f8528f37e500a36d) Importer(815301076,1909f56bfc062723c751e8b465ee728b)
Start importing Assets/UV Mountain 1/DefaultMaterial_Normal_OpenGL.png using Guid(efc3d7bfdc751004f8528f37e500a36d) Importer(815301076,1909f56bfc062723c751e8b465ee728b)  -> (artifact id: '377217bf694e1bab581296989bf4d61a') in 0.012399 seconds 
  Import took 0.015922 seconds .

========================================================================
Received Import Request.
  Time since last request: 6.309685 seconds.
  path: Assets/UV Mountain 1/New Material.mat
  artifactKey: Guid(93d288b21a15f3a4faf923b5b9376f42) Importer(815301076,1909f56bfc062723c751e8b465ee728b)
Start importing Assets/UV Mountain 1/New Material.mat using Guid(93d288b21a15f3a4faf923b5b9376f42) Importer(815301076,1909f56bfc062723c751e8b465ee728b)  -> (artifact id: 'ec7dca5cea656a6fc2c032b4e90d8e3b') in 0.035105 seconds 
  Import took 0.038222 seconds .

========================================================================
Received Import Request.
  Time since last request: 17.623495 seconds.
  path: Assets/UV Mountain 1/DefaultMaterial_Normal.png
  artifactKey: Guid(1bbf3f23b7cfdc54e9b748090b1bab2a) Importer(815301076,1909f56bfc062723c751e8b465ee728b)
Start importing Assets/UV Mountain 1/DefaultMaterial_Normal.png using Guid(1bbf3f23b7cfdc54e9b748090b1bab2a) Importer(815301076,1909f56bfc062723c751e8b465ee728b)  -> (artifact id: '57156fe700a6c71b8434eedf9224629d') in 0.017138 seconds 
  Import took 0.019969 seconds .

AssetImportWorkerClient::OnTransportError - code=2 error=End of file
